<?xml version="1.0" encoding="UTF-8"?>
<testng-results skipped="0" failed="0" total="1" passed="1">
  <reporter-output>
  </reporter-output>
  <suite name="Default suite" duration-ms="828" started-at="2014-02-20T13:47:55Z" finished-at="2014-02-20T13:47:56Z">
    <groups>
    </groups>
    <test name="Default test" duration-ms="828" started-at="2014-02-20T13:47:55Z" finished-at="2014-02-20T13:47:56Z">
      <class name="test.dbadapter.InsertMtTest">
        <test-method status="PASS" signature="mySQLInsert()[pri:0, instance:test.dbadapter.InsertMtTest@1de498]" name="mySQLInsert" duration-ms="813" started-at="2014-02-20T13:47:55Z" finished-at="2014-02-20T13:47:56Z">
          <reporter-output>
          </reporter-output>
        </test-method> <!-- mySQLInsert -->
      </class> <!-- test.dbadapter.InsertMtTest -->
    </test> <!-- Default test -->
  </suite> <!-- Default suite -->
</testng-results>
